11:14:27 **** Incremental Build of configuration Debug for project Uebung2 ****
Info: Internal Builder is used for build
gcc -O0 -g3 -Wall -c -fmessage-length=0 -o main.o "..\\main.c" 
..\main.c:5:1: warning: return type defaults to 'int' [-Wreturn-type]
 main() {
 ^
..\main.c: In function 'main':
..\main.c:8:2: warning: implicit declaration of function 'aufg3' [-Wimplicit-function-declaration]
  aufg3();
  ^
..\main.c: In function 'aufg2':
..\main.c:29:2: warning: format '%d' expects argument of type 'int', but argument 2 has type 'int *' [-Wformat=]
  printf("i = %d\n", p);
  ^
..\main.c: At top level:
..\main.c:32:6: warning: conflicting types for 'aufg3' [enabled by default]
 void aufg3() {
      ^
..\main.c:8:2: note: previous implicit declaration of 'aufg3' was here
  aufg3();
  ^
..\main.c: In function 'main':
..\main.c:9:1: warning: control reaches end of non-void function [-Wreturn-type]
 }
 ^
gcc -o Uebung2.exe main.o 

11:14:28 Build Finished (took 689ms)

